  QClient.c
f:\subjects\8421\visual studio\projects\qchat-p2p\common.h(234): warning C4133: 'function': incompatible types - from 'NETDATA *' to 'const char *'
f:\subjects\8421\visual studio\projects\qchat-p2p\common.h(235): warning C4133: 'function': incompatible types - from 'LPWSTR' to 'const char *'
f:\subjects\8421\visual studio\projects\qchat-p2p\common.h(236): warning C4047: 'function': 'WPARAM' differs in levels of indirection from 'LPWSTR'
f:\subjects\8421\visual studio\projects\qchat-p2p\common.h(236): warning C4024: 'SendMessageW': different types for formal and actual parameter 3
f:\subjects\8421\visual studio\projects\qchat-p2p\common.h(289): warning C4022: 'free': pointer mismatch for actual parameter 1
f:\subjects\8421\visual studio\projects\qchat-p2p\common.h(297): warning C4047: 'function': 'const wchar_t *' differs in levels of indirection from 'WPARAM'
f:\subjects\8421\visual studio\projects\qchat-p2p\common.h(297): warning C4024: 'wcslen': different types for formal and actual parameter 1
f:\subjects\8421\visual studio\projects\qchat-p2p\common.h(311): warning C4047: 'function': 'const wchar_t *' differs in levels of indirection from 'WPARAM'
f:\subjects\8421\visual studio\projects\qchat-p2p\common.h(311): warning C4024: 'wcscpy': different types for formal and actual parameter 2
f:\subjects\8421\visual studio\projects\qchat-p2p\common.h(337): warning C4133: 'function': incompatible types - from 'NETDATA *' to 'const char *'
f:\subjects\8421\visual studio\projects\qchat-p2p\common.h(309): warning C4996: 'wcscat': This function or variable may be unsafe. Consider using wcscat_s instead. To disable deprecation, use _CRT_SECURE_NO_WARNINGS. See online help for details.
  c:\program files (x86)\windows kits\10\include\10.0.15063.0\ucrt\corecrt_wstring.h(104): note: see declaration of 'wcscat'
f:\subjects\8421\visual studio\projects\qchat-p2p\common.h(311): warning C4996: 'wcscpy': This function or variable may be unsafe. Consider using wcscpy_s instead. To disable deprecation, use _CRT_SECURE_NO_WARNINGS. See online help for details.
  c:\program files (x86)\windows kits\10\include\10.0.15063.0\ucrt\corecrt_wstring.h(127): note: see declaration of 'wcscpy'
f:\subjects\8421\visual studio\projects\qchat-p2p\common.h(333): warning C4101: 'p': unreferenced local variable
f:\subjects\8421\visual studio\projects\qchat-p2p\common.h(380): warning C4018: '<': signed/unsigned mismatch
f:\subjects\8421\visual studio\projects\qchat-p2p\common.h(398): warning C4047: 'function': 'WPARAM' differs in levels of indirection from 'char *'
f:\subjects\8421\visual studio\projects\qchat-p2p\common.h(398): warning C4024: 'SendMessageW': different types for formal and actual parameter 3
f:\subjects\8421\visual studio\projects\qchat-p2p\common.h(356): warning C4133: 'initializing': incompatible types - from 'NETDATA *' to 'char *'
f:\subjects\8421\visual studio\projects\qchat-p2p\qclient\qclient.c(86): warning C4996: 'inet_addr': Use inet_pton() or InetPton() instead or define _WINSOCK_DEPRECATED_NO_WARNINGS to disable deprecated API warnings
  c:\program files (x86)\windows kits\10\include\10.0.15063.0\um\winsock2.h(1830): note: see declaration of 'inet_addr'
  QClient.vcxproj -> F:\Subjects\8421\Visual Studio\Projects\QChat-P2P\Debug\QClient.exe
  QClient.vcxproj -> F:\Subjects\8421\Visual Studio\Projects\QChat-P2P\Debug\QClient.pdb (Partial PDB)
